<?xml version="1.0" encoding="UTF-8"?>
<!-- Generated by org.testng.reporters.JUnitReportReporter -->
<testsuite skipped="0" hostname="LAPTOP-D2FOFQO2" name="test.AddCategoryTest" tests="2" failures="0" timestamp="2020-07-02T17:19:06 CDT" time="14.816" errors="0">
  <testcase name="UnableToAddDoubleItem" time="8.230" classname="test.AddCategoryTest"/>
  <system-out/>
  <testcase name="validateMonthDropDownBox" time="6.586" classname="test.AddCategoryTest"/>
  <system-out/>
</testsuite> <!-- test.AddCategoryTest -->
